=========================
      NVIDIA CUDA-Q      
=========================

Version: latest

Copyright (c) 2024 NVIDIA Corporation & Affiliates 
All rights reserved.

To run a command as administrator (user `root`), use `sudo <command>`.

=========================
      NVIDIA CUDA-Q      
=========================

Version: latest

Copyright (c) 2024 NVIDIA Corporation & Affiliates 
All rights reserved.

To run a command as administrator (user `root`), use `sudo <command>`.

=========================
      NVIDIA CUDA-Q      
=========================

Version: latest

Copyright (c) 2024 NVIDIA Corporation & Affiliates 
All rights reserved.

To run a command as administrator (user `root`), use `sudo <command>`.

=========================
      NVIDIA CUDA-Q      
=========================

Version: latest

Copyright (c) 2024 NVIDIA Corporation & Affiliates 
All rights reserved.

To run a command as administrator (user `root`), use `sudo <command>`.

=========================
      NVIDIA CUDA-Q      
=========================

Version: latest

Copyright (c) 2024 NVIDIA Corporation & Affiliates 
All rights reserved.

To run a command as administrator (user `root`), use `sudo <command>`.

=========================
      NVIDIA CUDA-Q      
=========================

Version: latest

Copyright (c) 2024 NVIDIA Corporation & Affiliates 
All rights reserved.

To run a command as administrator (user `root`), use `sudo <command>`.

=========================
      NVIDIA CUDA-Q      
=========================

Version: latest

Copyright (c) 2024 NVIDIA Corporation & Affiliates 
All rights reserved.

To run a command as administrator (user `root`), use `sudo <command>`.

=========================
      NVIDIA CUDA-Q      
=========================

Version: latest

Copyright (c) 2024 NVIDIA Corporation & Affiliates 
All rights reserved.

To run a command as administrator (user `root`), use `sudo <command>`.

RuntimeError: Unable to open distributed interface library '/global/homes/g/gzquse/distributed_interfaces/libcudaq_distributed_interface_mpi.so': /global/homes/g/gzquse/distributed_interfaces/libcudaq_distributed_interface_mpi.so: cannot open shared object file: No such file or directory
RuntimeError: Unable to open distributed interface library '/global/homes/g/gzquse/distributed_interfaces/libcudaq_distributed_interface_mpi.so': /global/homes/g/gzquse/distributed_interfaces/libcudaq_distributed_interface_mpi.so: cannot open shared object file: No such file or directory
RuntimeError: Unable to open distributed interface library '/global/homes/g/gzquse/distributed_interfaces/libcudaq_distributed_interface_mpi.so': /global/homes/g/gzquse/distributed_interfaces/libcudaq_distributed_interface_mpi.so: cannot open shared object file: No such file or directory
RuntimeError: Unable to open distributed interface library '/global/homes/g/gzquse/distributed_interfaces/libcudaq_distributed_interface_mpi.so': /global/homes/g/gzquse/distributed_interfaces/libcudaq_distributed_interface_mpi.so: cannot open shared object file: No such file or directory
RuntimeError: Unable to open distributed interface library '/global/homes/g/gzquse/distributed_interfaces/libcudaq_distributed_interface_mpi.so': /global/homes/g/gzquse/distributed_interfaces/libcudaq_distributed_interface_mpi.so: cannot open shared object file: No such file or directory
RuntimeError: Unable to open distributed interface library '/global/homes/g/gzquse/distributed_interfaces/libcudaq_distributed_interface_mpi.so': /global/homes/g/gzquse/distributed_interfaces/libcudaq_distributed_interface_mpi.so: cannot open shared object file: No such file or directory
RuntimeError: Unable to open distributed interface library '/global/homes/g/gzquse/distributed_interfaces/libcudaq_distributed_interface_mpi.so': /global/homes/g/gzquse/distributed_interfaces/libcudaq_distributed_interface_mpi.so: cannot open shared object file: No such file or directory
RuntimeError: Unable to open distributed interface library '/global/homes/g/gzquse/distributed_interfaces/libcudaq_distributed_interface_mpi.so': /global/homes/g/gzquse/distributed_interfaces/libcudaq_distributed_interface_mpi.so: cannot open shared object file: No such file or directory
srun: error: nid002589: task 3: Exited with exit code 1
srun: Terminating StepId=29334791.0
srun: error: nid008252: task 5: Exited with exit code 1
slurmstepd: error: *** STEP 29334791.0 ON nid002589 CANCELLED AT 2024-08-13T17:16:14 ***
srun: error: nid008252: tasks 4,6-7: Exited with exit code 1
srun: error: nid002589: tasks 0-2: Exited with exit code 1
